TN:
SF:src\controllers\adminController.ts
FN:18,hashPassword
FN:24,signToken
FN:31,registerAdmin
FN:58,loginAdmin
FNF:4
FNH:2
FNDA:6,hashPassword
FNDA:1,signToken
FNDA:0,registerAdmin
FNDA:0,loginAdmin
DA:1,1
DA:2,1
DA:3,1
DA:5,1
DA:7,1
DA:13,1
DA:18,1
DA:19,6
DA:20,6
DA:21,6
DA:24,1
DA:25,1
DA:26,1
DA:27,1
DA:28,1
DA:31,1
DA:32,0
DA:33,0
DA:36,0
DA:37,0
DA:39,0
DA:41,0
DA:50,0
DA:51,0
DA:53,0
DA:54,0
DA:58,1
DA:59,0
DA:60,0
DA:62,0
DA:63,0
DA:65,0
DA:66,0
DA:68,0
DA:69,0
DA:71,0
DA:72,0
LF:37
LH:17
BRDA:19,0,0,6
BRDA:19,0,1,2
BRDA:25,1,0,1
BRDA:25,1,1,0
BRDA:37,2,0,0
BRDA:37,2,1,0
BRDA:53,3,0,0
BRDA:53,3,1,0
BRDA:63,4,0,0
BRDA:63,4,1,0
BRDA:66,5,0,0
BRDA:66,5,1,0
BRDA:71,6,0,0
BRDA:71,6,1,0
BRF:14
BRH:3
end_of_record
TN:
SF:src\controllers\bookingController.ts
FN:31,calculateTotalPrice
FN:35,extractDateTimeFromNotes
FN:47,validateGearSizes
FN:59,createBooking
FN:65,(anonymous_4)
FN:123,(anonymous_5)
FN:144,getBookings
FN:160,getBookingById
FN:186,updateBookingStatus
FN:214,getAvailability
FN:244,(anonymous_10)
FN:256,(anonymous_11)
FNF:12
FNH:3
FNDA:5,calculateTotalPrice
FNDA:7,extractDateTimeFromNotes
FNDA:6,validateGearSizes
FNDA:0,createBooking
FNDA:0,(anonymous_4)
FNDA:0,(anonymous_5)
FNDA:0,getBookings
FNDA:0,getBookingById
FNDA:0,updateBookingStatus
FNDA:0,getAvailability
FNDA:0,(anonymous_10)
FNDA:0,(anonymous_11)
DA:1,1
DA:2,1
DA:4,1
DA:7,1
DA:10,1
DA:19,1
DA:31,1
DA:32,5
DA:35,1
DA:36,7
DA:38,5
DA:39,5
DA:41,5
DA:47,1
DA:48,6
DA:50,4
DA:51,6
DA:52,6
DA:53,2
DA:56,2
DA:59,1
DA:60,0
DA:62,0
DA:63,0
DA:65,0
DA:66,0
DA:70,0
DA:71,0
DA:72,0
DA:75,0
DA:77,0
DA:79,0
DA:92,0
DA:95,0
DA:96,0
DA:98,0
DA:112,0
DA:113,0
DA:116,0
DA:120,0
DA:122,0
DA:123,0
DA:124,0
DA:136,0
DA:137,0
DA:140,0
DA:144,1
DA:145,0
DA:160,1
DA:161,0
DA:175,0
DA:176,0
DA:179,0
DA:182,1
DA:186,1
DA:187,0
DA:189,0
DA:193,0
DA:194,0
DA:197,0
DA:211,0
DA:214,1
DA:215,0
DA:216,0
DA:218,0
DA:220,0
DA:234,0
DA:236,0
DA:240,0
DA:242,0
DA:244,0
DA:245,0
DA:246,0
DA:248,0
DA:249,0
DA:251,0
DA:252,0
DA:256,0
DA:257,0
DA:258,0
DA:260,0
DA:261,0
DA:262,0
DA:263,0
DA:265,0
DA:268,0
DA:271,0
DA:273,0
LF:88
LH:26
BRDA:36,0,0,2
BRDA:36,0,1,5
BRDA:42,1,0,3
BRDA:42,1,1,2
BRDA:43,2,0,3
BRDA:43,2,1,2
BRDA:48,3,0,2
BRDA:48,3,1,4
BRDA:52,4,0,2
BRDA:52,4,1,4
BRDA:52,5,0,6
BRDA:52,5,1,6
BRDA:52,5,2,6
BRDA:52,5,3,5
BRDA:52,5,4,4
BRDA:70,6,0,0
BRDA:70,6,1,0
BRDA:83,7,0,0
BRDA:83,7,1,0
BRDA:88,8,0,0
BRDA:88,8,1,0
BRDA:104,9,0,0
BRDA:104,9,1,0
BRDA:107,10,0,0
BRDA:107,10,1,0
BRDA:112,11,0,0
BRDA:112,11,1,0
BRDA:122,12,0,0
BRDA:122,12,1,0
BRDA:175,13,0,0
BRDA:175,13,1,0
BRDA:193,14,0,0
BRDA:193,14,1,0
BRDA:240,15,0,0
BRDA:240,15,1,0
BRDA:245,16,0,0
BRDA:245,16,1,0
BRDA:248,17,0,0
BRDA:248,17,1,0
BRDA:260,18,0,0
BRDA:260,18,1,0
BRDA:262,19,0,0
BRDA:262,19,1,0
BRF:43
BRH:15
end_of_record
TN:
SF:src\controllers\contactController.ts
FN:15,handleContact
FN:62,listContactMessages
FN:67,deleteContactMessage
FNF:3
FNH:0
FNDA:0,handleContact
FNDA:0,listContactMessages
FNDA:0,deleteContactMessage
DA:1,0
DA:2,0
DA:3,0
DA:5,0
DA:7,0
DA:15,0
DA:16,0
DA:19,0
DA:30,0
DA:31,0
DA:32,0
DA:39,0
DA:47,0
DA:56,0
DA:59,0
DA:62,0
DA:63,0
DA:64,0
DA:67,0
DA:68,0
DA:69,0
LF:21
LH:0
BRDA:31,0,0,0
BRDA:31,0,1,0
BRDA:31,1,0,0
BRDA:31,1,1,0
BRDA:31,1,2,0
BRDA:31,1,3,0
BRDA:42,2,0,0
BRDA:42,2,1,0
BRDA:48,3,0,0
BRDA:48,3,1,0
BRDA:49,4,0,0
BRDA:49,4,1,0
BRF:12
BRH:0
end_of_record
TN:
SF:src\controllers\departureController.ts
FN:8,calculateAvailableSeats
FN:12,isDateInRange
FN:18,calculateBookedSeats
FN:19,(anonymous_3)
FN:22,isDepartureAvailable
FN:33,listDepartures
FN:36,(anonymous_6)
FN:37,(anonymous_7)
FN:67,(anonymous_8)
FN:68,(anonymous_9)
FN:84,createDeparture
FNF:11
FNH:5
FNDA:5,calculateAvailableSeats
FNDA:8,isDateInRange
FNDA:4,calculateBookedSeats
FNDA:54,(anonymous_3)
FNDA:6,isDepartureAvailable
FNDA:0,listDepartures
FNDA:0,(anonymous_6)
FNDA:0,(anonymous_7)
FNDA:0,(anonymous_8)
FNDA:0,(anonymous_9)
FNDA:0,createDeparture
DA:1,1
DA:2,1
DA:5,1
DA:8,1
DA:9,5
DA:12,1
DA:13,8
DA:14,7
DA:15,6
DA:18,1
DA:19,54
DA:22,1
DA:23,6
DA:26,1
DA:33,1
DA:34,0
DA:36,0
DA:37,0
DA:41,0
DA:43,0
DA:45,0
DA:46,0
DA:49,0
DA:50,0
DA:51,0
DA:52,0
DA:55,0
DA:66,0
DA:67,0
DA:68,0
DA:69,0
DA:70,0
DA:72,0
DA:75,0
DA:78,1
DA:84,1
DA:85,0
DA:88,0
DA:92,0
DA:93,0
DA:97,0
DA:105,0
LF:42
LH:17
BRDA:13,0,0,1
BRDA:13,0,1,7
BRDA:13,1,0,8
BRDA:13,1,1,6
BRDA:14,2,0,1
BRDA:14,2,1,6
BRDA:14,3,0,7
BRDA:14,3,1,5
BRDA:36,4,0,0
BRDA:36,4,1,0
BRDA:37,5,0,0
BRDA:37,5,1,0
BRDA:45,6,0,0
BRDA:45,6,1,0
BRDA:49,7,0,0
BRDA:49,7,1,0
BRDA:49,8,0,0
BRDA:49,8,1,0
BRDA:51,9,0,0
BRDA:51,9,1,0
BRDA:52,10,0,0
BRDA:52,10,1,0
BRDA:59,11,0,0
BRDA:59,11,1,0
BRDA:66,12,0,0
BRDA:66,12,1,0
BRDA:69,13,0,0
BRDA:69,13,1,0
BRDA:69,13,2,0
BRDA:92,14,0,0
BRDA:92,14,1,0
BRF:31
BRH:8
end_of_record
TN:
SF:src\controllers\emailController.ts
FN:21,sendConfirmationEmail
FN:45,(anonymous_2)
FNF:2
FNH:0
FNDA:0,sendConfirmationEmail
FNDA:0,(anonymous_2)
DA:1,0
DA:2,0
DA:4,0
DA:21,0
DA:22,0
DA:24,0
DA:26,0
DA:27,0
DA:28,0
DA:35,0
DA:38,0
DA:39,0
DA:40,0
DA:45,0
DA:46,0
DA:59,0
DA:62,0
DA:104,0
DA:105,0
DA:106,0
DA:107,0
DA:109,0
DA:110,0
DA:117,0
DA:118,0
DA:120,0
DA:121,0
DA:122,0
DA:127,0
DA:128,0
DA:129,0
DA:130,0
LF:32
LH:0
BRDA:26,0,0,0
BRDA:26,0,1,0
BRDA:26,1,0,0
BRDA:26,1,1,0
BRDA:26,1,2,0
BRDA:26,1,3,0
BRDA:39,2,0,0
BRDA:39,2,1,0
BRDA:39,3,0,0
BRDA:39,3,1,0
BRDA:48,4,0,0
BRDA:48,4,1,0
BRDA:111,5,0,0
BRDA:111,5,1,0
BRDA:121,6,0,0
BRDA:121,6,1,0
BRF:16
BRH:0
end_of_record
TN:
SF:src\controllers\packageController.ts
FN:11,validateSlugFormat
FN:17,validatePackageDifficulty
FN:21,validatePackagePrice
FN:25,validatePackageCapacity
FN:29,listPackages
FN:46,getPackageBySlug
FN:73,getPackageById
FN:113,createPackage
FN:154,updatePackage
FN:172,deletePackage
FNF:10
FNH:4
FNDA:15,validateSlugFormat
FNDA:10,validatePackageDifficulty
FNDA:10,validatePackagePrice
FNDA:12,validatePackageCapacity
FNDA:0,listPackages
FNDA:0,getPackageBySlug
FNDA:0,getPackageById
FNDA:0,createPackage
FNDA:0,updatePackage
FNDA:0,deletePackage
DA:1,1
DA:2,1
DA:4,1
DA:6,1
DA:11,1
DA:12,15
DA:13,10
DA:14,4
DA:17,1
DA:18,10
DA:21,1
DA:22,10
DA:25,1
DA:26,12
DA:29,1
DA:30,0
DA:31,0
DA:32,0
DA:41,0
DA:44,1
DA:46,1
DA:47,0
DA:48,0
DA:69,0
DA:70,0
DA:73,1
DA:74,0
DA:96,0
DA:97,0
DA:100,1
DA:113,1
DA:114,0
DA:115,0
DA:117,0
DA:131,0
DA:134,0
DA:135,0
DA:137,0
DA:141,1
DA:154,1
DA:155,0
DA:156,0
DA:158,0
DA:163,0
DA:165,0
DA:166,0
DA:168,0
DA:172,1
DA:173,0
DA:174,0
DA:175,0
DA:178,0
DA:179,0
DA:181,0
DA:183,0
DA:185,0
LF:56
LH:23
BRDA:12,0,0,5
BRDA:12,0,1,10
BRDA:12,1,0,15
BRDA:12,1,1,12
BRDA:13,2,0,6
BRDA:13,2,1,4
BRDA:22,3,0,10
BRDA:22,3,1,5
BRDA:26,4,0,12
BRDA:26,4,1,8
BRDA:26,4,2,6
BRDA:30,5,0,0
BRDA:30,5,1,0
BRDA:31,6,0,0
BRDA:31,6,1,0
BRDA:47,7,0,0
BRDA:47,7,1,0
BRDA:69,8,0,0
BRDA:69,8,1,0
BRDA:96,9,0,0
BRDA:96,9,1,0
BRDA:134,10,0,0
BRDA:134,10,1,0
BRDA:165,11,0,0
BRDA:165,11,1,0
BRDA:178,12,0,0
BRDA:178,12,1,0
BRDA:181,13,0,0
BRDA:181,13,1,0
BRF:29
BRH:11
end_of_record
TN:
SF:src\controllers\paymentController.ts
FN:29,createPaymentIntent
FNF:1
FNH:0
FNDA:0,createPaymentIntent
DA:1,0
DA:2,0
DA:3,0
DA:5,0
DA:6,0
DA:7,0
DA:9,0
DA:13,0
DA:29,0
DA:30,0
DA:33,0
DA:34,0
DA:37,0
DA:40,0
DA:43,0
DA:44,0
DA:53,0
DA:60,0
DA:61,0
DA:68,0
DA:86,0
DA:87,0
DA:96,0
LF:23
LH:0
BRDA:9,0,0,0
BRDA:9,0,1,0
BRDA:9,1,0,0
BRDA:9,1,1,0
BRDA:33,2,0,0
BRDA:33,2,1,0
BRDA:33,3,0,0
BRDA:33,3,1,0
BRDA:43,4,0,0
BRDA:43,4,1,0
BRDA:60,5,0,0
BRDA:60,5,1,0
BRDA:73,6,0,0
BRDA:73,6,1,0
BRDA:80,7,0,0
BRDA:80,7,1,0
BRDA:86,8,0,0
BRDA:86,8,1,0
BRF:18
BRH:0
end_of_record
TN:
SF:src\controllers\rentalController.ts
FN:7,validateRentalTimeRange
FN:11,calculateRentalDuration
FN:15,calculateRentalPrice
FN:19,isTimeRangeOverlapping
FN:39,getAvailableSnowmobiles
FN:72,(anonymous_5)
FN:73,(anonymous_6)
FN:76,(anonymous_7)
FN:79,createSnowmobileRental
FN:85,(anonymous_9)
FN:86,(anonymous_10)
FN:95,(anonymous_11)
FN:136,getSnowmobiles
FN:142,createSnowmobile
FN:158,getSingleReservations
FN:168,updateRentalStatus
FN:187,assignSnowmobilesToDeparture
FN:195,(anonymous_17)
FN:203,(anonymous_18)
FN:220,getSnowmobileAssignments
FNF:20
FNH:4
FNDA:4,validateRentalTimeRange
FNDA:5,calculateRentalDuration
FNDA:5,calculateRentalPrice
FNDA:6,isTimeRangeOverlapping
FNDA:0,getAvailableSnowmobiles
FNDA:0,(anonymous_5)
FNDA:0,(anonymous_6)
FNDA:0,(anonymous_7)
FNDA:0,createSnowmobileRental
FNDA:0,(anonymous_9)
FNDA:0,(anonymous_10)
FNDA:0,(anonymous_11)
FNDA:0,getSnowmobiles
FNDA:0,createSnowmobile
FNDA:0,getSingleReservations
FNDA:0,updateRentalStatus
FNDA:0,assignSnowmobilesToDeparture
FNDA:0,(anonymous_17)
FNDA:0,(anonymous_18)
FNDA:0,getSnowmobileAssignments
DA:1,1
DA:2,1
DA:4,1
DA:7,1
DA:8,4
DA:11,1
DA:12,5
DA:15,1
DA:16,5
DA:19,1
DA:25,6
DA:28,1
DA:39,1
DA:41,0
DA:46,0
DA:58,0
DA:71,0
DA:72,0
DA:73,0
DA:76,0
DA:79,1
DA:80,0
DA:85,0
DA:86,0
DA:91,0
DA:94,0
DA:95,0
DA:97,0
DA:98,0
DA:102,0
DA:106,0
DA:107,0
DA:117,0
DA:133,0
DA:136,1
DA:137,0
DA:142,1
DA:143,0
DA:150,0
DA:152,0
DA:158,1
DA:159,0
DA:168,1
DA:169,0
DA:173,0
DA:175,0
DA:187,1
DA:188,0
DA:193,0
DA:195,0
DA:197,0
DA:202,0
DA:204,0
DA:216,0
DA:220,1
DA:221,0
LF:56
LH:20
BRDA:25,0,0,6
BRDA:25,0,1,6
BRDA:97,1,0,0
BRDA:97,1,1,0
BRDA:106,2,0,0
BRDA:106,2,1,0
BRF:6
BRH:2
end_of_record
TN:
SF:src\controllers\uploadController.ts
FN:22,uploadImage
FN:81,deleteImage
FN:113,getImages
FN:119,(anonymous_4)
FN:124,(anonymous_5)
FNF:5
FNH:0
FNDA:0,uploadImage
FNDA:0,deleteImage
FNDA:0,getImages
FNDA:0,(anonymous_4)
FNDA:0,(anonymous_5)
DA:2,0
DA:3,0
DA:4,0
DA:7,0
DA:13,0
DA:20,0
DA:22,0
DA:23,0
DA:25,0
DA:27,0
DA:28,0
DA:32,0
DA:33,0
DA:39,0
DA:40,0
DA:41,0
DA:47,0
DA:48,0
DA:49,0
DA:50,0
DA:53,0
DA:54,0
DA:57,0
DA:58,0
DA:61,0
DA:62,0
DA:63,0
DA:65,0
DA:67,0
DA:76,0
DA:77,0
DA:81,0
DA:82,0
DA:83,0
DA:86,0
DA:87,0
DA:90,0
DA:92,0
DA:93,0
DA:94,0
DA:96,0
DA:101,0
DA:102,0
DA:104,0
DA:108,0
DA:109,0
DA:113,0
DA:114,0
DA:115,0
DA:117,0
DA:118,0
DA:119,0
DA:120,0
DA:121,0
DA:124,0
DA:129,0
DA:134,0
DA:135,0
DA:140,0
DA:144,0
DA:145,0
LF:61
LH:0
BRDA:27,0,0,0
BRDA:27,0,1,0
BRDA:32,1,0,0
BRDA:32,1,1,0
BRDA:40,2,0,0
BRDA:40,2,1,0
BRDA:61,3,0,0
BRDA:61,3,1,0
BRDA:62,4,0,0
BRDA:62,4,1,0
BRDA:86,5,0,0
BRDA:86,5,1,0
BRDA:86,6,0,0
BRDA:86,6,1,0
BRDA:86,6,2,0
BRDA:101,7,0,0
BRDA:101,7,1,0
BRDA:134,8,0,0
BRDA:134,8,1,0
BRF:19
BRH:0
end_of_record
TN:
SF:src\controllers\webhookController.ts
FN:9,handleStripeWebhook
FN:71,handlePaymentIntentSucceeded
FN:99,handlePaymentIntentFailed
FN:111,handlePaymentIntentCanceled
FN:125,handlePaymentIntentProcessing
FNF:5
FNH:0
FNDA:0,handleStripeWebhook
FNDA:0,handlePaymentIntentSucceeded
FNDA:0,handlePaymentIntentFailed
FNDA:0,handlePaymentIntentCanceled
FNDA:0,handlePaymentIntentProcessing
DA:1,0
DA:2,0
DA:4,0
DA:5,0
DA:6,0
DA:7,0
DA:9,0
DA:10,0
DA:11,0
DA:18,0
DA:19,0
DA:28,0
DA:29,0
DA:31,0
DA:39,0
DA:41,0
DA:44,0
DA:47,0
DA:50,0
DA:53,0
DA:56,0
DA:59,0
DA:62,0
DA:65,0
DA:68,0
DA:74,0
DA:77,0
DA:85,0
DA:100,0
DA:102,0
DA:114,0
DA:116,0
DA:128,0
DA:130,0
LF:34
LH:0
BRDA:6,0,0,0
BRDA:6,0,1,0
BRDA:10,1,0,0
BRDA:10,1,1,0
BRDA:18,2,0,0
BRDA:18,2,1,0
BRDA:39,3,0,0
BRDA:39,3,1,0
BRDA:39,3,2,0
BRDA:39,3,3,0
BRDA:39,3,4,0
BRDA:91,4,0,0
BRDA:91,4,1,0
BRF:13
BRH:0
end_of_record
TN:
SF:src\routes\adminRoutes.ts
FN:4,adminRoutes
FN:5,(anonymous_1)
FN:16,(anonymous_2)
FNF:3
FNH:0
FNDA:0,adminRoutes
FNDA:0,(anonymous_1)
FNDA:0,(anonymous_2)
DA:2,0
DA:4,0
DA:5,0
DA:6,0
DA:7,0
DA:8,0
DA:10,0
DA:11,0
DA:12,0
DA:16,0
DA:17,0
DA:18,0
DA:19,0
DA:21,0
DA:22,0
DA:23,0
LF:16
LH:0
BRDA:10,0,0,0
BRDA:10,0,1,0
BRDA:11,1,0,0
BRDA:11,1,1,0
BRDA:21,2,0,0
BRDA:21,2,1,0
BRDA:22,3,0,0
BRDA:22,3,1,0
BRF:8
BRH:0
end_of_record
TN:
SF:src\routes\bookingRoutes.ts
FN:4,bookingRoutes
FN:5,(anonymous_1)
FN:16,(anonymous_2)
FN:27,(anonymous_3)
FN:39,(anonymous_4)
FN:51,(anonymous_5)
FNF:6
FNH:0
FNDA:0,bookingRoutes
FNDA:0,(anonymous_1)
FNDA:0,(anonymous_2)
FNDA:0,(anonymous_3)
FNDA:0,(anonymous_4)
FNDA:0,(anonymous_5)
DA:2,0
DA:4,0
DA:5,0
DA:6,0
DA:7,0
DA:8,0
DA:10,0
DA:11,0
DA:12,0
DA:16,0
DA:17,0
DA:18,0
DA:19,0
DA:21,0
DA:22,0
DA:23,0
DA:27,0
DA:28,0
DA:29,0
DA:30,0
DA:31,0
DA:33,0
DA:34,0
DA:35,0
DA:39,0
DA:40,0
DA:41,0
DA:42,0
DA:43,0
DA:45,0
DA:46,0
DA:47,0
DA:51,0
DA:52,0
DA:53,0
DA:54,0
DA:55,0
DA:57,0
DA:58,0
LF:39
LH:0
BRDA:10,0,0,0
BRDA:10,0,1,0
BRDA:11,1,0,0
BRDA:11,1,1,0
BRDA:21,2,0,0
BRDA:21,2,1,0
BRDA:22,3,0,0
BRDA:22,3,1,0
BRDA:33,4,0,0
BRDA:33,4,1,0
BRDA:34,5,0,0
BRDA:34,5,1,0
BRDA:45,6,0,0
BRDA:45,6,1,0
BRDA:46,7,0,0
BRDA:46,7,1,0
BRF:16
BRH:0
end_of_record
TN:
SF:src\routes\contactRoutes.ts
FN:4,contactRoutes
FN:5,(anonymous_1)
FN:17,(anonymous_2)
FN:28,(anonymous_3)
FNF:4
FNH:0
FNDA:0,contactRoutes
FNDA:0,(anonymous_1)
FNDA:0,(anonymous_2)
FNDA:0,(anonymous_3)
DA:2,0
DA:4,0
DA:5,0
DA:6,0
DA:7,0
DA:8,0
DA:9,0
DA:11,0
DA:12,0
DA:17,0
DA:18,0
DA:19,0
DA:20,0
DA:22,0
DA:23,0
DA:28,0
DA:29,0
DA:30,0
DA:31,0
DA:32,0
DA:33,0
DA:35,0
DA:36,0
LF:23
LH:0
BRDA:12,0,0,0
BRDA:12,0,1,0
BRDA:31,1,0,0
BRDA:31,1,1,0
BRF:4
BRH:0
end_of_record
TN:
SF:src\routes\departureRoutes.ts
FN:5,departureRoutes
FN:7,(anonymous_1)
FN:32,(anonymous_2)
FN:44,(anonymous_3)
FN:61,(anonymous_4)
FNF:5
FNH:0
FNDA:0,departureRoutes
FNDA:0,(anonymous_1)
FNDA:0,(anonymous_2)
FNDA:0,(anonymous_3)
FNDA:0,(anonymous_4)
DA:2,0
DA:3,0
DA:5,0
DA:7,0
DA:8,0
DA:9,0
DA:16,0
DA:23,0
DA:25,0
DA:26,0
DA:27,0
DA:32,0
DA:33,0
DA:34,0
DA:35,0
DA:37,0
DA:38,0
DA:39,0
DA:44,0
DA:45,0
DA:46,0
DA:47,0
DA:48,0
DA:52,0
DA:54,0
DA:55,0
DA:56,0
DA:61,0
DA:62,0
DA:63,0
DA:64,0
DA:65,0
DA:67,0
DA:68,0
DA:69,0
DA:74,0
LF:36
LH:0
BRDA:17,0,0,0
BRDA:17,0,1,0
BRDA:18,1,0,0
BRDA:18,1,1,0
BRDA:19,2,0,0
BRDA:19,2,1,0
BRDA:25,3,0,0
BRDA:25,3,1,0
BRDA:26,4,0,0
BRDA:26,4,1,0
BRDA:37,5,0,0
BRDA:37,5,1,0
BRDA:38,6,0,0
BRDA:38,6,1,0
BRDA:39,7,0,0
BRDA:39,7,1,0
BRDA:47,8,0,0
BRDA:47,8,1,0
BRDA:54,9,0,0
BRDA:54,9,1,0
BRDA:55,10,0,0
BRDA:55,10,1,0
BRDA:67,11,0,0
BRDA:67,11,1,0
BRDA:68,12,0,0
BRDA:68,12,1,0
BRF:26
BRH:0
end_of_record
TN:
SF:src\routes\emailRoutes.ts
FN:4,emailRoutes
FN:5,(anonymous_1)
FNF:2
FNH:0
FNDA:0,emailRoutes
FNDA:0,(anonymous_1)
DA:2,0
DA:4,0
DA:5,0
DA:6,0
DA:7,0
DA:8,0
DA:9,0
DA:11,0
DA:12,0
DA:15,0
DA:16,0
LF:11
LH:0
BRDA:11,0,0,0
BRDA:11,0,1,0
BRDA:15,1,0,0
BRDA:15,1,1,0
BRF:4
BRH:0
end_of_record
TN:
SF:src\routes\packageRoutes.ts
FN:4,packageRoutes
FN:6,(anonymous_1)
FN:12,(anonymous_2)
FN:18,(anonymous_3)
FN:27,(anonymous_4)
FN:36,(anonymous_5)
FN:46,(anonymous_6)
FNF:7
FNH:0
FNDA:0,packageRoutes
FNDA:0,(anonymous_1)
FNDA:0,(anonymous_2)
FNDA:0,(anonymous_3)
FNDA:0,(anonymous_4)
FNDA:0,(anonymous_5)
FNDA:0,(anonymous_6)
DA:2,0
DA:4,0
DA:6,0
DA:7,0
DA:8,0
DA:12,0
DA:13,0
DA:14,0
DA:18,0
DA:19,0
DA:20,0
DA:21,0
DA:23,0
DA:27,0
DA:28,0
DA:29,0
DA:30,0
DA:32,0
DA:36,0
DA:37,0
DA:38,0
DA:39,0
DA:40,0
DA:42,0
DA:46,0
DA:47,0
DA:48,0
DA:49,0
DA:50,0
DA:52,0
LF:30
LH:0
BRDA:8,0,0,0
BRDA:8,0,1,0
BRDA:8,1,0,0
BRDA:8,1,1,0
BRDA:14,2,0,0
BRDA:14,2,1,0
BRDA:14,3,0,0
BRDA:14,3,1,0
BRDA:23,4,0,0
BRDA:23,4,1,0
BRDA:23,5,0,0
BRDA:23,5,1,0
BRDA:32,6,0,0
BRDA:32,6,1,0
BRDA:32,7,0,0
BRDA:32,7,1,0
BRDA:42,8,0,0
BRDA:42,8,1,0
BRDA:42,9,0,0
BRDA:42,9,1,0
BRDA:52,10,0,0
BRDA:52,10,1,0
BRDA:52,11,0,0
BRDA:52,11,1,0
BRF:24
BRH:0
end_of_record
TN:
SF:src\routes\paymentRoutes.ts
FN:4,paymentRoutes
FN:5,(anonymous_1)
FNF:2
FNH:0
FNDA:0,paymentRoutes
FNDA:0,(anonymous_1)
DA:2,0
DA:4,0
DA:5,0
DA:6,0
DA:7,0
DA:8,0
DA:10,0
DA:11,0
DA:12,0
LF:9
LH:0
BRDA:10,0,0,0
BRDA:10,0,1,0
BRDA:11,1,0,0
BRDA:11,1,1,0
BRF:4
BRH:0
end_of_record
TN:
SF:src\routes\rentalRoutes.ts
FN:13,rentalRoutes
FN:15,(anonymous_1)
FN:27,(anonymous_2)
FN:39,(anonymous_3)
FN:60,(anonymous_4)
FN:72,(anonymous_5)
FN:84,(anonymous_6)
FNF:7
FNH:0
FNDA:0,rentalRoutes
FNDA:0,(anonymous_1)
FNDA:0,(anonymous_2)
FNDA:0,(anonymous_3)
FNDA:0,(anonymous_4)
FNDA:0,(anonymous_5)
FNDA:0,(anonymous_6)
DA:2,0
DA:13,0
DA:15,0
DA:16,0
DA:17,0
DA:18,0
DA:20,0
DA:21,0
DA:22,0
DA:27,0
DA:28,0
DA:29,0
DA:30,0
DA:32,0
DA:33,0
DA:34,0
DA:39,0
DA:40,0
DA:41,0
DA:43,0
DA:44,0
DA:47,0
DA:51,0
DA:53,0
DA:54,0
DA:55,0
DA:60,0
DA:61,0
DA:62,0
DA:63,0
DA:65,0
DA:66,0
DA:67,0
DA:72,0
DA:73,0
DA:74,0
DA:75,0
DA:77,0
DA:78,0
DA:79,0
DA:84,0
DA:85,0
DA:86,0
DA:87,0
DA:88,0
DA:90,0
DA:91,0
DA:92,0
DA:100,0
LF:49
LH:0
BRDA:20,0,0,0
BRDA:20,0,1,0
BRDA:21,1,0,0
BRDA:21,1,1,0
BRDA:32,2,0,0
BRDA:32,2,1,0
BRDA:33,3,0,0
BRDA:33,3,1,0
BRDA:43,4,0,0
BRDA:43,4,1,0
BRDA:43,5,0,0
BRDA:43,5,1,0
BRDA:53,6,0,0
BRDA:53,6,1,0
BRDA:54,7,0,0
BRDA:54,7,1,0
BRDA:65,8,0,0
BRDA:65,8,1,0
BRDA:66,9,0,0
BRDA:66,9,1,0
BRDA:77,10,0,0
BRDA:77,10,1,0
BRDA:78,11,0,0
BRDA:78,11,1,0
BRDA:90,12,0,0
BRDA:90,12,1,0
BRDA:91,13,0,0
BRDA:91,13,1,0
BRF:28
BRH:0
end_of_record
TN:
SF:src\routes\uploadRoutes.ts
FN:4,uploadRoutes
FN:6,(anonymous_10)
FN:14,(anonymous_11)
FN:25,(anonymous_12)
FN:36,(anonymous_13)
FNF:5
FNH:0
FNDA:0,uploadRoutes
FNDA:0,(anonymous_10)
FNDA:0,(anonymous_11)
FNDA:0,(anonymous_12)
FNDA:0,(anonymous_13)
DA:2,0
DA:4,0
DA:6,0
DA:14,0
DA:15,0
DA:16,0
DA:18,0
DA:19,0
DA:20,0
DA:25,0
DA:26,0
DA:27,0
DA:29,0
DA:30,0
DA:31,0
DA:36,0
DA:37,0
DA:38,0
DA:40,0
DA:41,0
DA:42,0
LF:21
LH:0
BRDA:18,0,0,0
BRDA:18,0,1,0
BRDA:19,1,0,0
BRDA:19,1,1,0
BRDA:20,2,0,0
BRDA:20,2,1,0
BRDA:29,3,0,0
BRDA:29,3,1,0
BRDA:30,4,0,0
BRDA:30,4,1,0
BRDA:31,5,0,0
BRDA:31,5,1,0
BRDA:40,6,0,0
BRDA:40,6,1,0
BRDA:41,7,0,0
BRDA:41,7,1,0
BRDA:42,8,0,0
BRDA:42,8,1,0
BRF:18
BRH:0
end_of_record
TN:
SF:src\routes\webhookRoutes.ts
FN:4,webhookRoutes
FN:13,(anonymous_1)
FNF:2
FNH:0
FNDA:0,webhookRoutes
FNDA:0,(anonymous_1)
DA:2,0
DA:4,0
DA:6,0
DA:14,0
DA:15,0
DA:16,0
DA:17,0
DA:21,0
DA:22,0
DA:23,0
DA:25,0
DA:26,0
DA:27,0
LF:13
LH:0
BRDA:16,0,0,0
BRDA:16,0,1,0
BRDA:16,1,0,0
BRDA:16,1,1,0
BRDA:21,2,0,0
BRDA:21,2,1,0
BRDA:25,3,0,0
BRDA:25,3,1,0
BRDA:26,4,0,0
BRDA:26,4,1,0
BRF:10
BRH:0
end_of_record
